2025/10/06 14:08:21 [warn] 1#1: the "user" directive makes sense only if the master process runs with super-user privileges, ignored in /etc/nginx/nginx.conf:2
2025/10/06 14:08:21 [emerg] 1#1: "user" directive is not allowed here in /etc/nginx/conf.d/default.conf:1
2025/10/06 14:08:21 [warn] 1#1: the "user" directive makes sense only if the master process runs with super-user privileges, ignored in /etc/nginx/nginx.conf:2
2025/10/06 14:08:21 [emerg] 1#1: "user" directive is not allowed here in /etc/nginx/conf.d/default.conf:1
2025/10/06 14:08:22 [warn] 1#1: the "user" directive makes sense only if the master process runs with super-user privileges, ignored in /etc/nginx/nginx.conf:2
2025/10/06 14:08:22 [emerg] 1#1: "user" directive is not allowed here in /etc/nginx/conf.d/default.conf:1
2025/10/06 14:08:22 [warn] 1#1: the "user" directive makes sense only if the master process runs with super-user privileges, ignored in /etc/nginx/nginx.conf:2
2025/10/06 14:08:22 [emerg] 1#1: "user" directive is not allowed here in /etc/nginx/conf.d/default.conf:1
2025/10/06 14:08:23 [warn] 1#1: the "user" directive makes sense only if the master process runs with super-user privileges, ignored in /etc/nginx/nginx.conf:2
2025/10/06 14:08:23 [emerg] 1#1: "user" directive is not allowed here in /etc/nginx/conf.d/default.conf:1
2025/10/06 14:08:25 [warn] 1#1: the "user" directive makes sense only if the master process runs with super-user privileges, ignored in /etc/nginx/nginx.conf:2
2025/10/06 14:08:25 [emerg] 1#1: "user" directive is not allowed here in /etc/nginx/conf.d/default.conf:1
2025/10/06 14:08:29 [warn] 1#1: the "user" directive makes sense only if the master process runs with super-user privileges, ignored in /etc/nginx/nginx.conf:2
2025/10/06 14:08:29 [emerg] 1#1: "user" directive is not allowed here in /etc/nginx/conf.d/default.conf:1
2025/10/06 14:08:33 [warn] 1#1: the "user" directive makes sense only if the master process runs with super-user privileges, ignored in /etc/nginx/nginx.conf:2
2025/10/06 14:08:33 [emerg] 1#1: "user" directive is not allowed here in /etc/nginx/conf.d/default.conf:1
2025/10/06 14:08:46 [warn] 1#1: the "user" directive makes sense only if the master process runs with super-user privileges, ignored in /etc/nginx/nginx.conf:2
2025/10/06 14:08:46 [emerg] 1#1: "user" directive is not allowed here in /etc/nginx/conf.d/default.conf:1
2025/10/06 14:09:10 [warn] 1#1: the "user" directive makes sense only if the master process runs with super-user privileges, ignored in /etc/nginx/nginx.conf:2
2025/10/06 14:09:10 [emerg] 1#1: "user" directive is not allowed here in /etc/nginx/conf.d/default.conf:1
2025/10/06 14:09:28 [warn] 1#1: the "user" directive makes sense only if the master process runs with super-user privileges, ignored in /etc/nginx/nginx.conf:2
2025/10/06 14:09:28 [emerg] 1#1: "worker_processes" directive is not allowed here in /etc/nginx/conf.d/default.conf:1
2025/10/06 14:09:28 [warn] 1#1: the "user" directive makes sense only if the master process runs with super-user privileges, ignored in /etc/nginx/nginx.conf:2
2025/10/06 14:09:28 [emerg] 1#1: "worker_processes" directive is not allowed here in /etc/nginx/conf.d/default.conf:1
2025/10/06 14:09:28 [warn] 1#1: the "user" directive makes sense only if the master process runs with super-user privileges, ignored in /etc/nginx/nginx.conf:2
2025/10/06 14:09:28 [emerg] 1#1: "worker_processes" directive is not allowed here in /etc/nginx/conf.d/default.conf:1
2025/10/06 14:09:29 [warn] 1#1: the "user" directive makes sense only if the master process runs with super-user privileges, ignored in /etc/nginx/nginx.conf:2
2025/10/06 14:09:29 [emerg] 1#1: "worker_processes" directive is not allowed here in /etc/nginx/conf.d/default.conf:1
2025/10/06 14:09:30 [warn] 1#1: the "user" directive makes sense only if the master process runs with super-user privileges, ignored in /etc/nginx/nginx.conf:2
2025/10/06 14:09:30 [emerg] 1#1: "worker_processes" directive is not allowed here in /etc/nginx/conf.d/default.conf:1
2025/10/06 14:09:32 [warn] 1#1: the "user" directive makes sense only if the master process runs with super-user privileges, ignored in /etc/nginx/nginx.conf:2
2025/10/06 14:09:32 [emerg] 1#1: "worker_processes" directive is not allowed here in /etc/nginx/conf.d/default.conf:1
2025/10/06 14:09:35 [warn] 1#1: the "user" directive makes sense only if the master process runs with super-user privileges, ignored in /etc/nginx/nginx.conf:2
2025/10/06 14:09:35 [emerg] 1#1: "worker_processes" directive is not allowed here in /etc/nginx/conf.d/default.conf:1
2025/10/06 14:09:42 [warn] 1#1: the "user" directive makes sense only if the master process runs with super-user privileges, ignored in /etc/nginx/nginx.conf:2
2025/10/06 14:09:42 [emerg] 1#1: "worker_processes" directive is not allowed here in /etc/nginx/conf.d/default.conf:1
2025/10/06 14:09:53 [warn] 1#1: the "user" directive makes sense only if the master process runs with super-user privileges, ignored in /etc/nginx/nginx.conf:2
2025/10/06 14:09:53 [emerg] 1#1: "worker_processes" directive is not allowed here in /etc/nginx/conf.d/default.conf:1
2025/10/06 14:10:19 [warn] 1#1: the "user" directive makes sense only if the master process runs with super-user privileges, ignored in /etc/nginx/nginx.conf:2
2025/10/06 14:10:19 [emerg] 1#1: "worker_processes" directive is not allowed here in /etc/nginx/conf.d/default.conf:1
2025/10/06 14:10:41 [warn] 1#1: the "user" directive makes sense only if the master process runs with super-user privileges, ignored in /etc/nginx/nginx.conf:2
2025/10/06 14:10:41 [emerg] 1#1: mkdir() "/var/cache/nginx/client_temp" failed (13: Permission denied)
2025/10/06 14:10:42 [warn] 1#1: the "user" directive makes sense only if the master process runs with super-user privileges, ignored in /etc/nginx/nginx.conf:2
2025/10/06 14:10:42 [emerg] 1#1: mkdir() "/var/cache/nginx/client_temp" failed (13: Permission denied)
2025/10/06 14:10:42 [warn] 1#1: the "user" directive makes sense only if the master process runs with super-user privileges, ignored in /etc/nginx/nginx.conf:2
2025/10/06 14:10:42 [emerg] 1#1: mkdir() "/var/cache/nginx/client_temp" failed (13: Permission denied)
2025/10/06 14:10:43 [warn] 1#1: the "user" directive makes sense only if the master process runs with super-user privileges, ignored in /etc/nginx/nginx.conf:2
2025/10/06 14:10:43 [emerg] 1#1: mkdir() "/var/cache/nginx/client_temp" failed (13: Permission denied)
2025/10/06 14:10:44 [warn] 1#1: the "user" directive makes sense only if the master process runs with super-user privileges, ignored in /etc/nginx/nginx.conf:2
2025/10/06 14:10:44 [emerg] 1#1: mkdir() "/var/cache/nginx/client_temp" failed (13: Permission denied)
2025/10/06 14:10:45 [warn] 1#1: the "user" directive makes sense only if the master process runs with super-user privileges, ignored in /etc/nginx/nginx.conf:2
2025/10/06 14:10:45 [emerg] 1#1: mkdir() "/var/cache/nginx/client_temp" failed (13: Permission denied)
2025/10/06 14:10:48 [warn] 1#1: the "user" directive makes sense only if the master process runs with super-user privileges, ignored in /etc/nginx/nginx.conf:2
2025/10/06 14:10:48 [emerg] 1#1: mkdir() "/var/cache/nginx/client_temp" failed (13: Permission denied)
2025/10/06 14:10:53 [warn] 1#1: the "user" directive makes sense only if the master process runs with super-user privileges, ignored in /etc/nginx/nginx.conf:2
2025/10/06 14:10:53 [emerg] 1#1: mkdir() "/var/cache/nginx/client_temp" failed (13: Permission denied)
2025/10/06 14:11:06 [warn] 1#1: the "user" directive makes sense only if the master process runs with super-user privileges, ignored in /etc/nginx/nginx.conf:2
2025/10/06 14:11:06 [emerg] 1#1: mkdir() "/var/cache/nginx/client_temp" failed (13: Permission denied)
2025/10/06 14:11:30 [warn] 1#1: the "user" directive makes sense only if the master process runs with super-user privileges, ignored in /etc/nginx/nginx.conf:2
2025/10/06 14:11:30 [emerg] 1#1: mkdir() "/var/cache/nginx/client_temp" failed (13: Permission denied)
2025/10/06 14:12:17 [warn] 1#1: the "user" directive makes sense only if the master process runs with super-user privileges, ignored in /etc/nginx/nginx.conf:2
2025/10/06 14:12:17 [emerg] 1#1: mkdir() "/var/cache/nginx/client_temp" failed (13: Permission denied)
2025/10/06 14:13:13 [warn] 1#1: the "user" directive makes sense only if the master process runs with super-user privileges, ignored in /etc/nginx/nginx.conf:2
2025/10/06 14:13:13 [emerg] 1#1: mkdir() "/var/cache/nginx/client_temp" failed (13: Permission denied)
2025/10/06 14:13:54 [warn] 1#1: the "user" directive makes sense only if the master process runs with super-user privileges, ignored in /etc/nginx/nginx.conf:2
2025/10/06 14:13:54 [emerg] 1#1: open() "/etc/nginx/on" failed (30: Read-only file system)
2025/10/06 14:13:54 [warn] 1#1: the "user" directive makes sense only if the master process runs with super-user privileges, ignored in /etc/nginx/nginx.conf:2
2025/10/06 14:13:54 [emerg] 1#1: open() "/etc/nginx/on" failed (30: Read-only file system)
2025/10/06 14:13:54 [warn] 1#1: the "user" directive makes sense only if the master process runs with super-user privileges, ignored in /etc/nginx/nginx.conf:2
2025/10/06 14:13:54 [emerg] 1#1: open() "/etc/nginx/on" failed (30: Read-only file system)
2025/10/06 14:13:55 [warn] 1#1: the "user" directive makes sense only if the master process runs with super-user privileges, ignored in /etc/nginx/nginx.conf:2
2025/10/06 14:13:55 [emerg] 1#1: open() "/etc/nginx/on" failed (30: Read-only file system)
2025/10/06 14:13:56 [warn] 1#1: the "user" directive makes sense only if the master process runs with super-user privileges, ignored in /etc/nginx/nginx.conf:2
2025/10/06 14:13:56 [emerg] 1#1: open() "/etc/nginx/on" failed (30: Read-only file system)
2025/10/06 14:13:58 [warn] 1#1: the "user" directive makes sense only if the master process runs with super-user privileges, ignored in /etc/nginx/nginx.conf:2
2025/10/06 14:13:58 [emerg] 1#1: open() "/etc/nginx/on" failed (30: Read-only file system)
2025/10/06 14:14:01 [warn] 1#1: the "user" directive makes sense only if the master process runs with super-user privileges, ignored in /etc/nginx/nginx.conf:2
2025/10/06 14:14:01 [emerg] 1#1: open() "/etc/nginx/on" failed (30: Read-only file system)
2025/10/06 14:14:06 [warn] 1#1: the "user" directive makes sense only if the master process runs with super-user privileges, ignored in /etc/nginx/nginx.conf:2
2025/10/06 14:14:06 [emerg] 1#1: open() "/etc/nginx/on" failed (30: Read-only file system)
2025/10/06 14:14:19 [warn] 1#1: the "user" directive makes sense only if the master process runs with super-user privileges, ignored in /etc/nginx/nginx.conf:2
2025/10/06 14:14:19 [emerg] 1#1: open() "/etc/nginx/on" failed (30: Read-only file system)
2025/10/06 14:14:43 [warn] 1#1: the "user" directive makes sense only if the master process runs with super-user privileges, ignored in /etc/nginx/nginx.conf:2
2025/10/06 14:14:43 [emerg] 1#1: open() "/etc/nginx/on" failed (30: Read-only file system)
2025/10/06 14:15:30 [warn] 1#1: the "user" directive makes sense only if the master process runs with super-user privileges, ignored in /etc/nginx/nginx.conf:2
2025/10/06 14:15:30 [emerg] 1#1: open() "/etc/nginx/on" failed (30: Read-only file system)
2025/10/06 14:15:42 [warn] 1#1: the "user" directive makes sense only if the master process runs with super-user privileges, ignored in /etc/nginx/nginx.conf:2
2025/10/06 14:15:42 [emerg] 1#1: open() "/etc/nginx/on" failed (30: Read-only file system)
2025/10/06 14:15:42 [warn] 1#1: the "user" directive makes sense only if the master process runs with super-user privileges, ignored in /etc/nginx/nginx.conf:2
2025/10/06 14:15:42 [emerg] 1#1: open() "/etc/nginx/on" failed (30: Read-only file system)
2025/10/06 14:15:43 [warn] 1#1: the "user" directive makes sense only if the master process runs with super-user privileges, ignored in /etc/nginx/nginx.conf:2
2025/10/06 14:15:43 [emerg] 1#1: open() "/etc/nginx/on" failed (30: Read-only file system)
2025/10/06 14:15:43 [warn] 1#1: the "user" directive makes sense only if the master process runs with super-user privileges, ignored in /etc/nginx/nginx.conf:2
2025/10/06 14:15:43 [emerg] 1#1: open() "/etc/nginx/on" failed (30: Read-only file system)
2025/10/06 14:15:44 [warn] 1#1: the "user" directive makes sense only if the master process runs with super-user privileges, ignored in /etc/nginx/nginx.conf:2
2025/10/06 14:15:44 [emerg] 1#1: open() "/etc/nginx/on" failed (30: Read-only file system)
2025/10/06 14:15:46 [warn] 1#1: the "user" directive makes sense only if the master process runs with super-user privileges, ignored in /etc/nginx/nginx.conf:2
2025/10/06 14:15:46 [emerg] 1#1: open() "/etc/nginx/on" failed (30: Read-only file system)
2025/10/06 14:15:50 [warn] 1#1: the "user" directive makes sense only if the master process runs with super-user privileges, ignored in /etc/nginx/nginx.conf:2
2025/10/06 14:15:50 [emerg] 1#1: open() "/etc/nginx/on" failed (30: Read-only file system)
2025/10/06 14:15:54 [warn] 1#1: the "user" directive makes sense only if the master process runs with super-user privileges, ignored in /etc/nginx/nginx.conf:2
2025/10/06 14:15:54 [emerg] 1#1: open() "/etc/nginx/on" failed (30: Read-only file system)
2025/10/06 14:16:07 [warn] 1#1: the "user" directive makes sense only if the master process runs with super-user privileges, ignored in /etc/nginx/nginx.conf:2
2025/10/06 14:16:07 [emerg] 1#1: open() "/etc/nginx/on" failed (30: Read-only file system)
2025/10/06 14:16:31 [warn] 1#1: the "user" directive makes sense only if the master process runs with super-user privileges, ignored in /etc/nginx/nginx.conf:2
2025/10/06 14:16:31 [emerg] 1#1: open() "/etc/nginx/on" failed (30: Read-only file system)
2025/10/06 14:16:37 [warn] 1#1: the "user" directive makes sense only if the master process runs with super-user privileges, ignored in /etc/nginx/nginx.conf:2
2025/10/06 14:16:37 [notice] 1#1: using the "epoll" event method
2025/10/06 14:16:37 [notice] 1#1: nginx/1.27.5
2025/10/06 14:16:37 [notice] 1#1: built by gcc 14.2.0 (Alpine 14.2.0) 
2025/10/06 14:16:37 [notice] 1#1: OS: Linux 6.6.87.2-microsoft-standard-WSL2
2025/10/06 14:16:37 [notice] 1#1: getrlimit(RLIMIT_NOFILE): 1048576:1048576
2025/10/06 14:16:37 [emerg] 1#1: open() "/run/nginx.pid" failed (30: Read-only file system)
2025/10/06 14:16:38 [warn] 1#1: the "user" directive makes sense only if the master process runs with super-user privileges, ignored in /etc/nginx/nginx.conf:2
2025/10/06 14:16:38 [notice] 1#1: using the "epoll" event method
2025/10/06 14:16:38 [notice] 1#1: nginx/1.27.5
2025/10/06 14:16:38 [notice] 1#1: built by gcc 14.2.0 (Alpine 14.2.0) 
2025/10/06 14:16:38 [notice] 1#1: OS: Linux 6.6.87.2-microsoft-standard-WSL2
2025/10/06 14:16:38 [notice] 1#1: getrlimit(RLIMIT_NOFILE): 1048576:1048576
2025/10/06 14:16:38 [emerg] 1#1: open() "/run/nginx.pid" failed (30: Read-only file system)
2025/10/06 14:16:38 [warn] 1#1: the "user" directive makes sense only if the master process runs with super-user privileges, ignored in /etc/nginx/nginx.conf:2
2025/10/06 14:16:38 [notice] 1#1: using the "epoll" event method
2025/10/06 14:16:38 [notice] 1#1: nginx/1.27.5
2025/10/06 14:16:38 [notice] 1#1: built by gcc 14.2.0 (Alpine 14.2.0) 
2025/10/06 14:16:38 [notice] 1#1: OS: Linux 6.6.87.2-microsoft-standard-WSL2
2025/10/06 14:16:38 [notice] 1#1: getrlimit(RLIMIT_NOFILE): 1048576:1048576
2025/10/06 14:16:38 [emerg] 1#1: open() "/run/nginx.pid" failed (30: Read-only file system)
2025/10/06 14:16:39 [warn] 1#1: the "user" directive makes sense only if the master process runs with super-user privileges, ignored in /etc/nginx/nginx.conf:2
2025/10/06 14:16:39 [notice] 1#1: using the "epoll" event method
2025/10/06 14:16:39 [notice] 1#1: nginx/1.27.5
2025/10/06 14:16:39 [notice] 1#1: built by gcc 14.2.0 (Alpine 14.2.0) 
2025/10/06 14:16:39 [notice] 1#1: OS: Linux 6.6.87.2-microsoft-standard-WSL2
2025/10/06 14:16:39 [notice] 1#1: getrlimit(RLIMIT_NOFILE): 1048576:1048576
2025/10/06 14:16:39 [emerg] 1#1: open() "/run/nginx.pid" failed (30: Read-only file system)
2025/10/06 14:16:40 [warn] 1#1: the "user" directive makes sense only if the master process runs with super-user privileges, ignored in /etc/nginx/nginx.conf:2
2025/10/06 14:16:40 [notice] 1#1: using the "epoll" event method
2025/10/06 14:16:40 [notice] 1#1: nginx/1.27.5
2025/10/06 14:16:40 [notice] 1#1: built by gcc 14.2.0 (Alpine 14.2.0) 
2025/10/06 14:16:40 [notice] 1#1: OS: Linux 6.6.87.2-microsoft-standard-WSL2
2025/10/06 14:16:40 [notice] 1#1: getrlimit(RLIMIT_NOFILE): 1048576:1048576
2025/10/06 14:16:40 [emerg] 1#1: open() "/run/nginx.pid" failed (30: Read-only file system)
2025/10/06 14:16:42 [warn] 1#1: the "user" directive makes sense only if the master process runs with super-user privileges, ignored in /etc/nginx/nginx.conf:2
2025/10/06 14:16:42 [notice] 1#1: using the "epoll" event method
2025/10/06 14:16:42 [notice] 1#1: nginx/1.27.5
2025/10/06 14:16:42 [notice] 1#1: built by gcc 14.2.0 (Alpine 14.2.0) 
2025/10/06 14:16:42 [notice] 1#1: OS: Linux 6.6.87.2-microsoft-standard-WSL2
2025/10/06 14:16:42 [notice] 1#1: getrlimit(RLIMIT_NOFILE): 1048576:1048576
2025/10/06 14:16:42 [emerg] 1#1: open() "/run/nginx.pid" failed (30: Read-only file system)
2025/10/06 14:16:45 [warn] 1#1: the "user" directive makes sense only if the master process runs with super-user privileges, ignored in /etc/nginx/nginx.conf:2
2025/10/06 14:16:45 [notice] 1#1: using the "epoll" event method
2025/10/06 14:16:45 [notice] 1#1: nginx/1.27.5
2025/10/06 14:16:45 [notice] 1#1: built by gcc 14.2.0 (Alpine 14.2.0) 
2025/10/06 14:16:45 [notice] 1#1: OS: Linux 6.6.87.2-microsoft-standard-WSL2
2025/10/06 14:16:45 [notice] 1#1: getrlimit(RLIMIT_NOFILE): 1048576:1048576
2025/10/06 14:16:45 [emerg] 1#1: open() "/run/nginx.pid" failed (30: Read-only file system)
2025/10/06 14:16:50 [warn] 1#1: the "user" directive makes sense only if the master process runs with super-user privileges, ignored in /etc/nginx/nginx.conf:2
2025/10/06 14:16:50 [notice] 1#1: using the "epoll" event method
2025/10/06 14:16:50 [notice] 1#1: nginx/1.27.5
2025/10/06 14:16:50 [notice] 1#1: built by gcc 14.2.0 (Alpine 14.2.0) 
2025/10/06 14:16:50 [notice] 1#1: OS: Linux 6.6.87.2-microsoft-standard-WSL2
2025/10/06 14:16:50 [notice] 1#1: getrlimit(RLIMIT_NOFILE): 1048576:1048576
2025/10/06 14:16:50 [emerg] 1#1: open() "/run/nginx.pid" failed (30: Read-only file system)
2025/10/06 14:17:03 [warn] 1#1: the "user" directive makes sense only if the master process runs with super-user privileges, ignored in /etc/nginx/nginx.conf:2
2025/10/06 14:17:03 [notice] 1#1: using the "epoll" event method
2025/10/06 14:17:03 [notice] 1#1: nginx/1.27.5
2025/10/06 14:17:03 [notice] 1#1: built by gcc 14.2.0 (Alpine 14.2.0) 
2025/10/06 14:17:03 [notice] 1#1: OS: Linux 6.6.87.2-microsoft-standard-WSL2
2025/10/06 14:17:03 [notice] 1#1: getrlimit(RLIMIT_NOFILE): 1048576:1048576
2025/10/06 14:17:03 [emerg] 1#1: open() "/run/nginx.pid" failed (30: Read-only file system)
2025/10/06 14:17:26 [warn] 1#1: the "user" directive makes sense only if the master process runs with super-user privileges, ignored in /etc/nginx/nginx.conf:2
2025/10/06 14:17:26 [notice] 1#1: using the "epoll" event method
2025/10/06 14:17:26 [notice] 1#1: nginx/1.27.5
2025/10/06 14:17:26 [notice] 1#1: built by gcc 14.2.0 (Alpine 14.2.0) 
2025/10/06 14:17:26 [notice] 1#1: OS: Linux 6.6.87.2-microsoft-standard-WSL2
2025/10/06 14:17:26 [notice] 1#1: getrlimit(RLIMIT_NOFILE): 1048576:1048576
2025/10/06 14:17:26 [emerg] 1#1: open() "/run/nginx.pid" failed (30: Read-only file system)
2025/10/06 14:17:38 [warn] 1#1: the "user" directive makes sense only if the master process runs with super-user privileges, ignored in /etc/nginx/nginx.conf:2
2025/10/06 14:17:38 [notice] 1#1: using the "epoll" event method
2025/10/06 14:17:38 [notice] 1#1: nginx/1.27.5
2025/10/06 14:17:38 [notice] 1#1: built by gcc 14.2.0 (Alpine 14.2.0) 
2025/10/06 14:17:38 [notice] 1#1: OS: Linux 6.6.87.2-microsoft-standard-WSL2
2025/10/06 14:17:38 [notice] 1#1: getrlimit(RLIMIT_NOFILE): 1048576:1048576
2025/10/06 14:17:38 [notice] 1#1: start worker processes
2025/10/06 14:17:38 [notice] 1#1: start worker process 21
2025/10/06 14:17:38 [notice] 1#1: start worker process 22
2025/10/06 14:17:38 [notice] 1#1: start worker process 23
2025/10/06 14:17:38 [notice] 1#1: start worker process 24
2025/10/06 14:17:38 [notice] 1#1: start worker process 25
2025/10/06 14:17:38 [notice] 1#1: start worker process 26
2025/10/06 14:17:38 [notice] 1#1: start worker process 27
2025/10/06 14:17:38 [notice] 1#1: start worker process 28
2025/10/06 14:17:38 [notice] 1#1: start worker process 29
2025/10/06 14:17:38 [notice] 1#1: start worker process 30
2025/10/06 14:17:38 [notice] 1#1: start worker process 31
2025/10/06 14:17:38 [notice] 1#1: start worker process 32
2025/10/06 14:19:53 [error] 24#24: *4 open() "/usr/share/nginx/html/admin" failed (2: No such file or directory), client: 172.18.0.1, server: _, request: "GET /admin HTTP/1.1", host: "localhost:8080"
2025/10/06 14:19:54 [error] 24#24: *4 open() "/usr/share/nginx/html/favicon.ico" failed (2: No such file or directory), client: 172.18.0.1, server: _, request: "GET /favicon.ico HTTP/1.1", host: "localhost:8080", referrer: "http://localhost:8080/admin"
2025/10/06 14:37:10 [notice] 1#1: signal 3 (SIGQUIT) received, shutting down
2025/10/06 14:37:10 [notice] 27#27: gracefully shutting down
2025/10/06 14:37:10 [notice] 28#28: gracefully shutting down
2025/10/06 14:37:10 [notice] 27#27: exiting
2025/10/06 14:37:10 [notice] 26#26: gracefully shutting down
2025/10/06 14:37:10 [notice] 28#28: exiting
2025/10/06 14:37:10 [notice] 22#22: gracefully shutting down
2025/10/06 14:37:10 [notice] 30#30: gracefully shutting down
2025/10/06 14:37:10 [notice] 30#30: exiting
2025/10/06 14:37:10 [notice] 31#31: gracefully shutting down
2025/10/06 14:37:10 [notice] 26#26: exiting
2025/10/06 14:37:10 [notice] 31#31: exiting
2025/10/06 14:37:10 [notice] 24#24: gracefully shutting down
2025/10/06 14:37:10 [notice] 21#21: gracefully shutting down
2025/10/06 14:37:10 [notice] 22#22: exiting
2025/10/06 14:37:10 [notice] 25#25: gracefully shutting down
2025/10/06 14:37:10 [notice] 24#24: exiting
2025/10/06 14:37:10 [notice] 23#23: gracefully shutting down
2025/10/06 14:37:10 [notice] 22#22: exit
2025/10/06 14:37:10 [notice] 29#29: gracefully shutting down
2025/10/06 14:37:10 [notice] 29#29: exiting
2025/10/06 14:37:10 [notice] 29#29: exit
2025/10/06 14:37:10 [notice] 25#25: exiting
2025/10/06 14:37:10 [notice] 25#25: exit
2025/10/06 14:37:10 [notice] 26#26: exit
2025/10/06 14:37:10 [notice] 23#23: exiting
2025/10/06 14:37:10 [notice] 24#24: exit
2025/10/06 14:37:10 [notice] 21#21: exiting
2025/10/06 14:37:10 [notice] 28#28: exit
2025/10/06 14:37:10 [notice] 30#30: exit
2025/10/06 14:37:10 [notice] 31#31: exit
2025/10/06 14:37:10 [notice] 23#23: exit
2025/10/06 14:37:10 [notice] 21#21: exit
2025/10/06 14:37:10 [notice] 27#27: exit
2025/10/06 14:37:10 [notice] 32#32: gracefully shutting down
2025/10/06 14:37:10 [notice] 32#32: exiting
2025/10/06 14:37:10 [notice] 32#32: exit
2025/10/06 14:37:10 [notice] 1#1: signal 17 (SIGCHLD) received from 28
2025/10/06 14:37:10 [notice] 1#1: worker process 28 exited with code 0
2025/10/06 14:37:10 [notice] 1#1: signal 29 (SIGIO) received
2025/10/06 14:37:10 [notice] 1#1: signal 17 (SIGCHLD) received from 31
2025/10/06 14:37:10 [notice] 1#1: worker process 21 exited with code 0
2025/10/06 14:37:10 [notice] 1#1: worker process 22 exited with code 0
2025/10/06 14:37:10 [notice] 1#1: worker process 25 exited with code 0
2025/10/06 14:37:10 [notice] 1#1: worker process 31 exited with code 0
2025/10/06 14:37:10 [notice] 1#1: signal 29 (SIGIO) received
2025/10/06 14:37:10 [notice] 1#1: signal 17 (SIGCHLD) received from 27
2025/10/06 14:37:10 [notice] 1#1: worker process 27 exited with code 0
2025/10/06 14:37:10 [notice] 1#1: worker process 29 exited with code 0
2025/10/06 14:37:10 [notice] 1#1: signal 29 (SIGIO) received
2025/10/06 14:37:10 [notice] 1#1: signal 17 (SIGCHLD) received from 24
2025/10/06 14:37:10 [notice] 1#1: worker process 23 exited with code 0
2025/10/06 14:37:10 [notice] 1#1: worker process 24 exited with code 0
2025/10/06 14:37:10 [notice] 1#1: worker process 26 exited with code 0
2025/10/06 14:37:10 [notice] 1#1: worker process 32 exited with code 0
2025/10/06 14:37:10 [notice] 1#1: signal 29 (SIGIO) received
2025/10/06 14:37:10 [notice] 1#1: signal 17 (SIGCHLD) received from 30
2025/10/06 14:37:10 [notice] 1#1: worker process 30 exited with code 0
2025/10/06 14:37:10 [notice] 1#1: exit
